Build started 12-04-2016 00:05:49.
     1>Project "c:\Users\hp\documents\visual studio 2010\Projects\topological\topological\topological.vcxproj" on node 2 (build target(s)).
     1>InitializeBuildStatus:
         Creating "Debug\topological.unsuccessfulbuild" because "AlwaysCreate" was specified.
       ClCompile:
         c:\Program Files (x86)\Microsoft Visual Studio 10.0\VC\bin\CL.exe /c /ZI /nologo /W3 /WX- /Od /Oy- /D WIN32 /D _DEBUG /D _CONSOLE /D _UNICODE /D UNICODE /Gm /EHsc /RTC1 /MDd /GS /fp:precise /Zc:wchar_t /Zc:forScope /Fo"Debug\\" /Fd"Debug\vc100.pdb" /Gd /TP /analyze- /errorReport:prompt topological.cpp
         topological.cpp
       Link:
         c:\Program Files (x86)\Microsoft Visual Studio 10.0\VC\bin\link.exe /ERRORREPORT:PROMPT /OUT:"c:\users\hp\documents\visual studio 2010\Projects\topological\Debug\topological.exe" /INCREMENTAL:NO /NOLOGO kernel32.lib user32.lib gdi32.lib winspool.lib comdlg32.lib advapi32.lib shell32.lib ole32.lib oleaut32.lib uuid.lib odbc32.lib odbccp32.lib /MANIFEST /ManifestFile:"Debug\topological.exe.intermediate.manifest" /MANIFESTUAC:"level='asInvoker' uiAccess='false'" /DEBUG /PDB:"c:\users\hp\documents\visual studio 2010\Projects\topological\Debug\topological.pdb" /SUBSYSTEM:CONSOLE /TLBID:1 /DYNAMICBASE /NXCOMPAT /IMPLIB:"c:\users\hp\documents\visual studio 2010\Projects\topological\Debug\topological.lib" /MACHINE:X86 Debug\stdafx.obj
         Debug\topological.obj
     1>stdafx.obj : warning LNK4075: ignoring '/EDITANDCONTINUE' due to '/INCREMENTAL:NO' specification
         topological.vcxproj -> c:\users\hp\documents\visual studio 2010\Projects\topological\Debug\topological.exe
       Manifest:
         C:\Program Files (x86)\Microsoft SDKs\Windows\v7.0A\bin\mt.exe /nologo /verbose /outputresource:"c:\users\hp\documents\visual studio 2010\Projects\topological\Debug\topological.exe;#1" /manifest Debug\topological.exe.intermediate.manifest
       FinalizeBuildStatus:
         Deleting file "Debug\topological.unsuccessfulbuild".
         Touching "Debug\topological.lastbuildstate".
     1>Done Building Project "c:\Users\hp\documents\visual studio 2010\Projects\topological\topological\topological.vcxproj" (build target(s)).

Build succeeded.

Time Elapsed 00:00:00.76
