Build started 04-06-2016 11:58:08.
     1>Project "C:\Users\hp\Documents\Visual Studio 2010\Projects\Karumanchi questions\Bytelandian\Bytelandian\Bytelandian.vcxproj" on node 2 (build target(s)).
     1>InitializeBuildStatus:
         Creating "Debug\Bytelandian.unsuccessfulbuild" because "AlwaysCreate" was specified.
       ClCompile:
         c:\Program Files (x86)\Microsoft Visual Studio 10.0\VC\bin\CL.exe /c /ZI /nologo /W3 /WX- /Od /Oy- /D WIN32 /D _DEBUG /D _CONSOLE /D _UNICODE /D UNICODE /Gm /EHsc /RTC1 /MDd /GS /fp:precise /Zc:wchar_t /Zc:forScope /Fo"Debug\\" /Fd"Debug\vc100.pdb" /Gd /TP /analyze- /errorReport:prompt Bytelandian.cpp
         Bytelandian.cpp
     1>c:\users\hp\documents\visual studio 2010\projects\karumanchi questions\bytelandian\bytelandian\bytelandian.cpp(12): warning C4244: 'argument' : conversion from '__int64' to 'const int', possible loss of data
     1>c:\users\hp\documents\visual studio 2010\projects\karumanchi questions\bytelandian\bytelandian\bytelandian.cpp(13): warning C4244: 'argument' : conversion from '__int64' to 'const int', possible loss of data
     1>c:\users\hp\documents\visual studio 2010\projects\karumanchi questions\bytelandian\bytelandian\bytelandian.cpp(18): warning C4244: 'argument' : conversion from '__int64' to 'const int', possible loss of data
     1>c:\users\hp\documents\visual studio 2010\projects\karumanchi questions\bytelandian\bytelandian\bytelandian.cpp(20): warning C4244: 'argument' : conversion from '__int64' to 'const int', possible loss of data
       Link:
         c:\Program Files (x86)\Microsoft Visual Studio 10.0\VC\bin\link.exe /ERRORREPORT:PROMPT /OUT:"C:\Users\hp\Documents\Visual Studio 2010\Projects\Karumanchi questions\Bytelandian\Debug\Bytelandian.exe" /INCREMENTAL:NO /NOLOGO kernel32.lib user32.lib gdi32.lib winspool.lib comdlg32.lib advapi32.lib shell32.lib ole32.lib oleaut32.lib uuid.lib odbc32.lib odbccp32.lib /MANIFEST /ManifestFile:"Debug\Bytelandian.exe.intermediate.manifest" /MANIFESTUAC:"level='asInvoker' uiAccess='false'" /DEBUG /PDB:"C:\Users\hp\Documents\Visual Studio 2010\Projects\Karumanchi questions\Bytelandian\Debug\Bytelandian.pdb" /SUBSYSTEM:CONSOLE /TLBID:1 /DYNAMICBASE /NXCOMPAT /IMPLIB:"C:\Users\hp\Documents\Visual Studio 2010\Projects\Karumanchi questions\Bytelandian\Debug\Bytelandian.lib" /MACHINE:X86 Debug\Bytelandian.obj
         Debug\stdafx.obj
     1>Bytelandian.obj : warning LNK4075: ignoring '/EDITANDCONTINUE' due to '/INCREMENTAL:NO' specification
         Bytelandian.vcxproj -> C:\Users\hp\Documents\Visual Studio 2010\Projects\Karumanchi questions\Bytelandian\Debug\Bytelandian.exe
       Manifest:
         C:\Program Files (x86)\Microsoft SDKs\Windows\v7.0A\bin\mt.exe /nologo /verbose /outputresource:"C:\Users\hp\Documents\Visual Studio 2010\Projects\Karumanchi questions\Bytelandian\Debug\Bytelandian.exe;#1" /manifest Debug\Bytelandian.exe.intermediate.manifest
       FinalizeBuildStatus:
         Deleting file "Debug\Bytelandian.unsuccessfulbuild".
         Touching "Debug\Bytelandian.lastbuildstate".
     1>Done Building Project "C:\Users\hp\Documents\Visual Studio 2010\Projects\Karumanchi questions\Bytelandian\Bytelandian\Bytelandian.vcxproj" (build target(s)).

Build succeeded.

Time Elapsed 00:00:00.92
