Build started 13-06-2016 04:02:19.
     1>Project "C:\Users\hp\Documents\Visual Studio 2010\Projects\DP\Longest Increasing Subsequence\Longest Increasing Subsequence\Longest Increasing Subsequence.vcxproj" on node 2 (build target(s)).
     1>InitializeBuildStatus:
         Creating "Debug\Longest Increasing Subsequence.unsuccessfulbuild" because "AlwaysCreate" was specified.
       ClCompile:
         c:\Program Files (x86)\Microsoft Visual Studio 10.0\VC\bin\CL.exe /c /ZI /nologo /W3 /WX- /Od /Oy- /D WIN32 /D _DEBUG /D _CONSOLE /D _UNICODE /D UNICODE /Gm /EHsc /RTC1 /MDd /GS /fp:precise /Zc:wchar_t /Zc:forScope /Fo"Debug\\" /Fd"Debug\vc100.pdb" /Gd /TP /analyze- /errorReport:prompt "Longest Increasing Subsequence.cpp"
         Longest Increasing Subsequence.cpp
       Link:
         c:\Program Files (x86)\Microsoft Visual Studio 10.0\VC\bin\link.exe /ERRORREPORT:PROMPT /OUT:"C:\Users\hp\Documents\Visual Studio 2010\Projects\DP\Longest Increasing Subsequence\Debug\Longest Increasing Subsequence.exe" /INCREMENTAL:NO /NOLOGO kernel32.lib user32.lib gdi32.lib winspool.lib comdlg32.lib advapi32.lib shell32.lib ole32.lib oleaut32.lib uuid.lib odbc32.lib odbccp32.lib /MANIFEST /ManifestFile:"Debug\Longest Increasing Subsequence.exe.intermediate.manifest" /MANIFESTUAC:"level='asInvoker' uiAccess='false'" /DEBUG /PDB:"C:\Users\hp\Documents\Visual Studio 2010\Projects\DP\Longest Increasing Subsequence\Debug\Longest Increasing Subsequence.pdb" /SUBSYSTEM:CONSOLE /TLBID:1 /DYNAMICBASE /NXCOMPAT /IMPLIB:"C:\Users\hp\Documents\Visual Studio 2010\Projects\DP\Longest Increasing Subsequence\Debug\Longest Increasing Subsequence.lib" /MACHINE:X86 "Debug\Longest Increasing Subsequence.obj"
         Debug\stdafx.obj
     1>Longest Increasing Subsequence.obj : warning LNK4075: ignoring '/EDITANDCONTINUE' due to '/INCREMENTAL:NO' specification
         Longest Increasing Subsequence.vcxproj -> C:\Users\hp\Documents\Visual Studio 2010\Projects\DP\Longest Increasing Subsequence\Debug\Longest Increasing Subsequence.exe
       Manifest:
         C:\Program Files (x86)\Microsoft SDKs\Windows\v7.0A\bin\mt.exe /nologo /verbose /outputresource:"C:\Users\hp\Documents\Visual Studio 2010\Projects\DP\Longest Increasing Subsequence\Debug\Longest Increasing Subsequence.exe;#1" /manifest "Debug\Longest Increasing Subsequence.exe.intermediate.manifest"
       FinalizeBuildStatus:
         Deleting file "Debug\Longest Increasing Subsequence.unsuccessfulbuild".
         Touching "Debug\Longest Increasing Subsequence.lastbuildstate".
     1>Done Building Project "C:\Users\hp\Documents\Visual Studio 2010\Projects\DP\Longest Increasing Subsequence\Longest Increasing Subsequence\Longest Increasing Subsequence.vcxproj" (build target(s)).

Build succeeded.

Time Elapsed 00:00:00.90
