Build started 22-05-2016 23:22:14.
     1>Project "C:\Users\hp\Documents\Visual Studio 2010\Projects\Karumanchi questions\Dijkstra\Dijkstra\Dijkstra.vcxproj" on node 2 (build target(s)).
     1>InitializeBuildStatus:
         Creating "Debug\Dijkstra.unsuccessfulbuild" because "AlwaysCreate" was specified.
       ClCompile:
         c:\Program Files (x86)\Microsoft Visual Studio 10.0\VC\bin\CL.exe /c /ZI /nologo /W3 /WX- /Od /Oy- /D WIN32 /D _DEBUG /D _CONSOLE /D _UNICODE /D UNICODE /Gm /EHsc /RTC1 /MDd /GS /fp:precise /Zc:wchar_t /Zc:forScope /Fo"Debug\\" /Fd"Debug\vc100.pdb" /Gd /TP /analyze- /errorReport:prompt Dijkstra.cpp
         Dijkstra.cpp
       Link:
         c:\Program Files (x86)\Microsoft Visual Studio 10.0\VC\bin\link.exe /ERRORREPORT:PROMPT /OUT:"C:\Users\hp\Documents\Visual Studio 2010\Projects\Karumanchi questions\Dijkstra\Debug\Dijkstra.exe" /INCREMENTAL:NO /NOLOGO kernel32.lib user32.lib gdi32.lib winspool.lib comdlg32.lib advapi32.lib shell32.lib ole32.lib oleaut32.lib uuid.lib odbc32.lib odbccp32.lib /MANIFEST /ManifestFile:"Debug\Dijkstra.exe.intermediate.manifest" /MANIFESTUAC:"level='asInvoker' uiAccess='false'" /DEBUG /PDB:"C:\Users\hp\Documents\Visual Studio 2010\Projects\Karumanchi questions\Dijkstra\Debug\Dijkstra.pdb" /SUBSYSTEM:CONSOLE /TLBID:1 /DYNAMICBASE /NXCOMPAT /IMPLIB:"C:\Users\hp\Documents\Visual Studio 2010\Projects\Karumanchi questions\Dijkstra\Debug\Dijkstra.lib" /MACHINE:X86 Debug\Dijkstra.obj
         Debug\stdafx.obj
     1>Dijkstra.obj : warning LNK4075: ignoring '/EDITANDCONTINUE' due to '/INCREMENTAL:NO' specification
         Dijkstra.vcxproj -> C:\Users\hp\Documents\Visual Studio 2010\Projects\Karumanchi questions\Dijkstra\Debug\Dijkstra.exe
       Manifest:
         C:\Program Files (x86)\Microsoft SDKs\Windows\v7.0A\bin\mt.exe /nologo /verbose /outputresource:"C:\Users\hp\Documents\Visual Studio 2010\Projects\Karumanchi questions\Dijkstra\Debug\Dijkstra.exe;#1" /manifest Debug\Dijkstra.exe.intermediate.manifest
       FinalizeBuildStatus:
         Deleting file "Debug\Dijkstra.unsuccessfulbuild".
         Touching "Debug\Dijkstra.lastbuildstate".
     1>Done Building Project "C:\Users\hp\Documents\Visual Studio 2010\Projects\Karumanchi questions\Dijkstra\Dijkstra\Dijkstra.vcxproj" (build target(s)).

Build succeeded.

Time Elapsed 00:00:00.89
